0 info it worked if it ends with ok
1 verbose cli [
1 verbose cli   'C:\\Program Files\\nodejs\\node.exe',
1 verbose cli   'C:\\Users\\Mert Efe Işıkgör\\AppData\\Roaming\\npm\\node_modules\\npm\\bin\\npm-cli.js',
1 verbose cli   'run',
1 verbose cli   'dev'
1 verbose cli ]
2 info using npm@6.14.8
3 info using node@v14.12.0
4 verbose run-script [ 'predev', 'dev', 'postdev' ]
5 info lifecycle next-js-tailwin@0.1.0~predev: next-js-tailwin@0.1.0
6 info lifecycle next-js-tailwin@0.1.0~dev: next-js-tailwin@0.1.0
7 verbose lifecycle next-js-tailwin@0.1.0~dev: unsafe-perm in lifecycle true
8 verbose lifecycle next-js-tailwin@0.1.0~dev: PATH: C:\Users\Mert Efe Işıkgör\AppData\Roaming\npm\node_modules\npm\node_modules\npm-lifecycle\node-gyp-bin;C:\Users\Mert Efe Işıkgör\Desktop\js-social-project\next-js-tailwin\node_modules\.bin;C:\Program Files\Git\mingw64\bin;C:\Program Files\Git\usr\bin;C:\Users\Mert Efe Işıkgör\bin;C:\Python38\Scripts;C:\Python38;C:\Python27;C:\Python27\Scripts;C:\WINDOWS\system32;C:\WINDOWS;C:\WINDOWS\System32\Wbem;C:\WINDOWS\System32\WindowsPowerShell\v1.0;C:\WINDOWS\System32\OpenSSH;C:\Program Files\Java\jdk-13.0.2\bin;C:\Program Files (x86)\Brackets\command;C:\ProgramData\chocolatey\bin;C:\Program Files\dotnet;C:\Program Files\Microsoft SQL Server\130\Tools\Binn;C:\Program Files\Microsoft SQL Server\Client SDK\ODBC\170\Tools\Binn;C:\Program Files (x86)\Calibre2;C:\Program Files\nodejs;C:\Program Files\Git\cmd;C:\Users\Mert Efe Işıkgör\AppData\Local\Programs\Python\Python38-32\Scripts;C:\Users\Mert Efe Işıkgör\AppData\Local\Programs\Python\Python38-32;C:\Users\Mert Efe Işıkgör\AppData\Local\Programs\AdoptOpenJDK\bin;C:\Users\Mert Efe Işıkgör\AppData\Local\Microsoft\WindowsApps;C:\Users\Mert Efe Işıkgör\AppData\Local\Programs\Microsoft VS Code\bin;C:\Program Files\JetBrains\IntelliJ IDEA Community Edition 2019.3.3\bin;C:\Program Files\JetBrains\PyCharm Community Edition 2019.3.3\bin;C:\Users\Mert Efe Işıkgör\AppData\Local\atom\bin;C:\Users\Mert Efe Işıkgör\AppData\Local\GitHubDesktop\bin;C:\Users\Mert Efe Işıkgör\.dotnet\tools;C:\Users\Mert Efe Işıkgör\AppData\Local\Microsoft\WindowsApps;C:\Users\Mert Efe Işıkgör\AppData\Roaming\npm
9 verbose lifecycle next-js-tailwin@0.1.0~dev: CWD: C:\Users\Mert Efe Işıkgör\Desktop\js-social-project\next-js-tailwin
10 silly lifecycle next-js-tailwin@0.1.0~dev: Args: [ '/d /s /c', 'next dev' ]
11 silly lifecycle next-js-tailwin@0.1.0~dev: Returned: code: 1  signal: null
12 info lifecycle next-js-tailwin@0.1.0~dev: Failed to exec dev script
13 verbose stack Error: next-js-tailwin@0.1.0 dev: `next dev`
13 verbose stack Exit status 1
13 verbose stack     at EventEmitter.<anonymous> (C:\Users\Mert Efe Işıkgör\AppData\Roaming\npm\node_modules\npm\node_modules\npm-lifecycle\index.js:332:16)
13 verbose stack     at EventEmitter.emit (events.js:314:20)
13 verbose stack     at ChildProcess.<anonymous> (C:\Users\Mert Efe Işıkgör\AppData\Roaming\npm\node_modules\npm\node_modules\npm-lifecycle\lib\spawn.js:55:14)
13 verbose stack     at ChildProcess.emit (events.js:314:20)
13 verbose stack     at maybeClose (internal/child_process.js:1047:16)
13 verbose stack     at Process.ChildProcess._handle.onexit (internal/child_process.js:287:5)
14 verbose pkgid next-js-tailwin@0.1.0
15 verbose cwd C:\Users\Mert Efe Işıkgör\Desktop\js-social-project\next-js-tailwin
16 verbose Windows_NT 10.0.19041
17 verbose argv "C:\\Program Files\\nodejs\\node.exe" "C:\\Users\\Mert Efe Işıkgör\\AppData\\Roaming\\npm\\node_modules\\npm\\bin\\npm-cli.js" "run" "dev"
18 verbose node v14.12.0
19 verbose npm  v6.14.8
20 error code ELIFECYCLE
21 error errno 1
22 error next-js-tailwin@0.1.0 dev: `next dev`
22 error Exit status 1
23 error Failed at the next-js-tailwin@0.1.0 dev script.
23 error This is probably not a problem with npm. There is likely additional logging output above.
24 verbose exit [ 1, true ]
